#
# A fatal error has been detected by the Java Runtime Environment:
#
#  SIGSEGV (0xb) at pc=0x000000010e9815e0, pid=23415, tid=0x0000000000001c03
#
# JRE version: Java(TM) SE Runtime Environment (8.0_121-b13) (build 1.8.0_121-b13)
# Java VM: Java HotSpot(TM) 64-Bit Server VM (25.121-b13 mixed mode bsd-amd64 compressed oops)
# Problematic frame:
# V  [libjvm.dylib+0x3b05e0]
#
# Failed to write core dump. Core dumps have been disabled. To enable core dumping, try "ulimit -c unlimited" before starting Java again
#
# If you would like to submit a bug report, please visit:
#   http://bugreport.java.com/bugreport/crash.jsp
#

---------------  T H R E A D  ---------------

Current thread (0x00007fe531802800):  JavaThread "main" [_thread_in_vm, id=7171, stack(0x0000700007aa3000,0x0000700007ba3000)]

siginfo: si_signo: 11 (SIGSEGV), si_code: 1 (SEGV_MAPERR), si_addr: 0x0000000000000024

Registers:
RAX=0x0000000129341aa0, RBX=0x00007fe531802800, RCX=0x00007fe530d00d48, RDX=0x0000000000000000
RSP=0x0000700007ba0900, RBP=0x0000700007ba09f0, RSI=0x0000000000000008, RDI=0x00007fe530d00c60
R8 =0x00007fe531802800, R9 =0x00000001294f8bb8, R10=0x0000000129341aa0, R11=0xffffffff00000000
R12=0x00000000000000b6, R13=0x00000007c00d5e00, R14=0x0000000000000003, R15=0x0000000000000000
RIP=0x000000010e9815e0, EFLAGS=0x0000000000010287, ERR=0x0000000000000004
  TRAPNO=0x000000000000000e

Top of Stack: (sp=0x0000700007ba0900)
0x0000700007ba0900:   0000700007ba0950 000000010e9826f8
0x0000700007ba0910:   0000001400000001 0000000000000000
0x0000700007ba0920:   0000000129342ee0 0000000129341aa0
0x0000700007ba0930:   0ee9ce4031802800 0000000100000001
0x0000700007ba0940:   00000000000005e0 00007fe530d00f80
0x0000700007ba0950:   00007fe530d00d40 000000010e9833e7
0x0000700007ba0960:   00007fe531802800 000000010ea1f634
0x0000700007ba0970:   00000001294fa328 00000001294fc470
0x0000700007ba0980:   0000000000000000 0000000000000000
0x0000700007ba0990:   00007fe531802800 00007fe530d00c60
0x0000700007ba09a0:   00007fe530d00ca0 00007fe530d00d40
0x0000700007ba09b0:   00007fe530d00d88 00000000000000d8
0x0000700007ba09c0:   0000700007ba0a10 00007fe530d00f80
0x0000700007ba09d0:   00000000000000b6 00000007c00d5e00
0x0000700007ba09e0:   0000000000000018 0000000000000000
0x0000700007ba09f0:   0000700007ba0a70 000000010e981a5e
0x0000700007ba0a00:   0000000100000002 00007fe531802800
0x0000700007ba0a10:   00007fe531802800 00007fe530d00c60
0x0000700007ba0a20:   00007fe530d00ca0 00007fe530d00d40
0x0000700007ba0a30:   00007fe530d00d88 00000000000000d8
0x0000700007ba0a40:   0000700007ba0c70 00007fe531802800
0x0000700007ba0a50:   0000700007ba0b68 0000000000000000
0x0000700007ba0a60:   0000700007ba0b00 0000000000000001
0x0000700007ba0a70:   0000700007ba0c60 000000010e892667
0x0000700007ba0a80:   0000700007ba0dd0 00000007c00d59e8
0x0000700007ba0a90:   0000000107ba0b00 00000007c00d5e00
0x0000700007ba0aa0:   00007fe531802800 00007fe530d00c30
0x0000700007ba0ab0:   00007fe530d00eb0 00007fe530d00ec0
0x0000700007ba0ac0:   00007fe530d01298 00000000000003d8
0x0000700007ba0ad0:   0000700007ba0b00 000000010e891158
0x0000700007ba0ae0:   00000000000000b4 0000700007ba0dd0
0x0000700007ba0af0:   00000007c00d5900 00000007c00d59e8 

Instructions: (pc=0x000000010e9815e0)
0x000000010e9815c0:   44 03 00 00 48 8b 85 38 ff ff ff 4e 8b 7c f0 08
0x000000010e9815d0:   48 c7 45 90 00 00 00 00 48 c7 45 98 00 00 00 00
0x000000010e9815e0:   41 83 7f 24 f6 7f 9a 49 8b 47 08 0f b7 48 22 48
0x000000010e9815f0:   8b 70 08 48 8b 54 ce 50 0f b7 40 24 48 8b 4c c6 

Register to memory mapping:

RAX=0x0000000129341aa0 is pointing into metadata
RBX=0x00007fe531802800 is a thread
RCX=0x00007fe530d00d48 is an unknown value
RDX=0x0000000000000000 is an unknown value
RSP=0x0000700007ba0900 is pointing into the stack for thread: 0x00007fe531802800
RBP=0x0000700007ba09f0 is pointing into the stack for thread: 0x00007fe531802800
RSI=0x0000000000000008 is an unknown value
RDI=0x00007fe530d00c60 is an unknown value
R8 =0x00007fe531802800 is a thread
R9 =0x00000001294f8bb8 is pointing into metadata
R10=0x0000000129341aa0 is pointing into metadata
R11=0xffffffff00000000 is an unknown value
R12=0x00000000000000b6 is an unknown value
R13=0x00000007c00d5e00 is pointing into metadata
R14=0x0000000000000003 is an unknown value
R15=0x0000000000000000 is an unknown value


Stack: [0x0000700007aa3000,0x0000700007ba3000],  sp=0x0000700007ba0900,  free space=1014k
Native frames: (J=compiled Java code, j=interpreted, Vv=VM code, C=native code)
V  [libjvm.dylib+0x3b05e0]
V  [libjvm.dylib+0x3b0a5e]
V  [libjvm.dylib+0x2c1667]
V  [libjvm.dylib+0x2c1765]
V  [libjvm.dylib+0x2c179d]
V  [libjvm.dylib+0x2c1ec3]
V  [libjvm.dylib+0x2e9428]
j  org.apache.cayenne.web.CayenneFilterTest.testDoFilter()V+95
v  ~StubRoutines::call_stub
V  [libjvm.dylib+0x2ed9d6]
V  [libjvm.dylib+0x4d26c4]
V  [libjvm.dylib+0x4d2bf8]
V  [libjvm.dylib+0x345db8]
j  sun.reflect.NativeMethodAccessorImpl.invoke0(Ljava/lang/reflect/Method;Ljava/lang/Object;[Ljava/lang/Object;)Ljava/lang/Object;+0
j  sun.reflect.NativeMethodAccessorImpl.invoke(Ljava/lang/Object;[Ljava/lang/Object;)Ljava/lang/Object;+100
j  sun.reflect.DelegatingMethodAccessorImpl.invoke(Ljava/lang/Object;[Ljava/lang/Object;)Ljava/lang/Object;+6
j  java.lang.reflect.Method.invoke(Ljava/lang/Object;[Ljava/lang/Object;)Ljava/lang/Object;+56
j  org.junit.runners.model.FrameworkMethod$1.runReflectiveCall()Ljava/lang/Object;+15
j  org.junit.internal.runners.model.ReflectiveCallable.run()Ljava/lang/Object;+1
j  org.junit.runners.model.FrameworkMethod.invokeExplosively(Ljava/lang/Object;[Ljava/lang/Object;)Ljava/lang/Object;+10
j  org.junit.internal.runners.statements.InvokeMethod.evaluate()V+12
j  org.junit.runners.ParentRunner.runLeaf(Lorg/junit/runners/model/Statement;Lorg/junit/runner/Description;Lorg/junit/runner/notification/RunNotifier;)V+17
j  org.junit.runners.BlockJUnit4ClassRunner.runChild(Lorg/junit/runners/model/FrameworkMethod;Lorg/junit/runner/notification/RunNotifier;)V+30
j  org.junit.runners.BlockJUnit4ClassRunner.runChild(Ljava/lang/Object;Lorg/junit/runner/notification/RunNotifier;)V+6
j  org.junit.runners.ParentRunner$3.run()V+12
j  org.junit.runners.ParentRunner$1.schedule(Ljava/lang/Runnable;)V+1
j  org.junit.runners.ParentRunner.runChildren(Lorg/junit/runner/notification/RunNotifier;)V+44
j  org.junit.runners.ParentRunner.access$000(Lorg/junit/runners/ParentRunner;Lorg/junit/runner/notification/RunNotifier;)V+2
j  org.junit.runners.ParentRunner$2.evaluate()V+8
j  org.junit.runners.ParentRunner.run(Lorg/junit/runner/notification/RunNotifier;)V+20
j  org.junit.runner.JUnitCore.run(Lorg/junit/runner/Runner;)Lorg/junit/runner/Result;+37
j  com.intellij.junit4.JUnit4IdeaTestRunner.startRunnerWithArgs([Ljava/lang/String;Ljava/lang/String;IZ)I+146
j  com.intellij.rt.execution.junit.IdeaTestRunner$Repeater.startRunnerWithArgs(Lcom/intellij/rt/execution/junit/IdeaTestRunner;[Ljava/lang/String;Ljava/util/ArrayList;Ljava/lang/String;IZ)I+20
j  com.intellij.rt.execution.junit.JUnitStarter.prepareStreamsAndStart([Ljava/lang/String;Ljava/lang/String;Ljava/util/ArrayList;Ljava/lang/String;)I+116
j  com.intellij.rt.execution.junit.JUnitStarter.main([Ljava/lang/String;)V+116
v  ~StubRoutines::call_stub
V  [libjvm.dylib+0x2ed9d6]
V  [libjvm.dylib+0x4d26c4]
V  [libjvm.dylib+0x4d2bf8]
V  [libjvm.dylib+0x345db8]
j  sun.reflect.NativeMethodAccessorImpl.invoke0(Ljava/lang/reflect/Method;Ljava/lang/Object;[Ljava/lang/Object;)Ljava/lang/Object;+0
j  sun.reflect.NativeMethodAccessorImpl.invoke(Ljava/lang/Object;[Ljava/lang/Object;)Ljava/lang/Object;+100
j  sun.reflect.DelegatingMethodAccessorImpl.invoke(Ljava/lang/Object;[Ljava/lang/Object;)Ljava/lang/Object;+6
j  java.lang.reflect.Method.invoke(Ljava/lang/Object;[Ljava/lang/Object;)Ljava/lang/Object;+56
j  com.intellij.rt.execution.application.AppMain.main([Ljava/lang/String;)V+170
v  ~StubRoutines::call_stub
V  [libjvm.dylib+0x2ed9d6]
V  [libjvm.dylib+0x3247ce]
V  [libjvm.dylib+0x31d545]
C  [java+0x3931]  JavaMain+0x9c4
C  [libsystem_pthread.dylib+0x393b]  _pthread_body+0xb4
C  [libsystem_pthread.dylib+0x3887]  _pthread_body+0x0
C  [libsystem_pthread.dylib+0x308d]  thread_start+0xd
C  0x0000000000000000

Java frames: (J=compiled Java code, j=interpreted, Vv=VM code)
j  org.apache.cayenne.web.CayenneFilterTest.testDoFilter()V+95
v  ~StubRoutines::call_stub
j  sun.reflect.NativeMethodAccessorImpl.invoke0(Ljava/lang/reflect/Method;Ljava/lang/Object;[Ljava/lang/Object;)Ljava/lang/Object;+0
j  sun.reflect.NativeMethodAccessorImpl.invoke(Ljava/lang/Object;[Ljava/lang/Object;)Ljava/lang/Object;+100
j  sun.reflect.DelegatingMethodAccessorImpl.invoke(Ljava/lang/Object;[Ljava/lang/Object;)Ljava/lang/Object;+6
j  java.lang.reflect.Method.invoke(Ljava/lang/Object;[Ljava/lang/Object;)Ljava/lang/Object;+56
j  org.junit.runners.model.FrameworkMethod$1.runReflectiveCall()Ljava/lang/Object;+15
j  org.junit.internal.runners.model.ReflectiveCallable.run()Ljava/lang/Object;+1
j  org.junit.runners.model.FrameworkMethod.invokeExplosively(Ljava/lang/Object;[Ljava/lang/Object;)Ljava/lang/Object;+10
j  org.junit.internal.runners.statements.InvokeMethod.evaluate()V+12
j  org.junit.runners.ParentRunner.runLeaf(Lorg/junit/runners/model/Statement;Lorg/junit/runner/Description;Lorg/junit/runner/notification/RunNotifier;)V+17
j  org.junit.runners.BlockJUnit4ClassRunner.runChild(Lorg/junit/runners/model/FrameworkMethod;Lorg/junit/runner/notification/RunNotifier;)V+30
j  org.junit.runners.BlockJUnit4ClassRunner.runChild(Ljava/lang/Object;Lorg/junit/runner/notification/RunNotifier;)V+6
j  org.junit.runners.ParentRunner$3.run()V+12
j  org.junit.runners.ParentRunner$1.schedule(Ljava/lang/Runnable;)V+1
j  org.junit.runners.ParentRunner.runChildren(Lorg/junit/runner/notification/RunNotifier;)V+44
j  org.junit.runners.ParentRunner.access$000(Lorg/junit/runners/ParentRunner;Lorg/junit/runner/notification/RunNotifier;)V+2
j  org.junit.runners.ParentRunner$2.evaluate()V+8
j  org.junit.runners.ParentRunner.run(Lorg/junit/runner/notification/RunNotifier;)V+20
j  org.junit.runner.JUnitCore.run(Lorg/junit/runner/Runner;)Lorg/junit/runner/Result;+37
j  com.intellij.junit4.JUnit4IdeaTestRunner.startRunnerWithArgs([Ljava/lang/String;Ljava/lang/String;IZ)I+146
j  com.intellij.rt.execution.junit.IdeaTestRunner$Repeater.startRunnerWithArgs(Lcom/intellij/rt/execution/junit/IdeaTestRunner;[Ljava/lang/String;Ljava/util/ArrayList;Ljava/lang/String;IZ)I+20
j  com.intellij.rt.execution.junit.JUnitStarter.prepareStreamsAndStart([Ljava/lang/String;Ljava/lang/String;Ljava/util/ArrayList;Ljava/lang/String;)I+116
j  com.intellij.rt.execution.junit.JUnitStarter.main([Ljava/lang/String;)V+116
v  ~StubRoutines::call_stub
j  sun.reflect.NativeMethodAccessorImpl.invoke0(Ljava/lang/reflect/Method;Ljava/lang/Object;[Ljava/lang/Object;)Ljava/lang/Object;+0
j  sun.reflect.NativeMethodAccessorImpl.invoke(Ljava/lang/Object;[Ljava/lang/Object;)Ljava/lang/Object;+100
j  sun.reflect.DelegatingMethodAccessorImpl.invoke(Ljava/lang/Object;[Ljava/lang/Object;)Ljava/lang/Object;+6
j  java.lang.reflect.Method.invoke(Ljava/lang/Object;[Ljava/lang/Object;)Ljava/lang/Object;+56
j  com.intellij.rt.execution.application.AppMain.main([Ljava/lang/String;)V+170
v  ~StubRoutines::call_stub

---------------  P R O C E S S  ---------------

Java Threads: ( => current thread )
  0x00007fe531085800 JavaThread "Monitor Ctrl-Break" daemon [_thread_in_native, id=19715, stack(0x00007000088cd000,0x00007000089cd000)]
  0x00007fe532830000 JavaThread "Service Thread" daemon [_thread_blocked, id=18691, stack(0x00007000086c7000,0x00007000087c7000)]
  0x00007fe53106e000 JavaThread "C1 CompilerThread2" daemon [_thread_blocked, id=18179, stack(0x00007000085c4000,0x00007000086c4000)]
  0x00007fe53106d000 JavaThread "C2 CompilerThread1" daemon [_thread_blocked, id=17667, stack(0x00007000084c1000,0x00007000085c1000)]
  0x00007fe531023000 JavaThread "C2 CompilerThread0" daemon [_thread_blocked, id=17155, stack(0x00007000083be000,0x00007000084be000)]
  0x00007fe531022000 JavaThread "Signal Dispatcher" daemon [_thread_blocked, id=16643, stack(0x00007000082bb000,0x00007000083bb000)]
  0x00007fe532006800 JavaThread "Finalizer" daemon [_thread_blocked, id=12547, stack(0x00007000081b8000,0x00007000082b8000)]
  0x00007fe532004000 JavaThread "Reference Handler" daemon [_thread_blocked, id=12035, stack(0x00007000080b5000,0x00007000081b5000)]
=>0x00007fe531802800 JavaThread "main" [_thread_in_vm, id=7171, stack(0x0000700007aa3000,0x0000700007ba3000)]

Other Threads:
  0x00007fe531019800 VMThread [stack: 0x0000700007fb2000,0x00007000080b2000] [id=11523]
  0x00007fe531079000 WatcherThread [stack: 0x00007000087ca000,0x00007000088ca000] [id=19203]

VM state:not at safepoint (normal execution)

VM Mutex/Monitor currently owned by a thread: None

Heap:
 PSYoungGen      total 76288K, used 18354K [0x000000076ab00000, 0x0000000770000000, 0x00000007c0000000)
  eden space 65536K, 28% used [0x000000076ab00000,0x000000076bcecb90,0x000000076eb00000)
  from space 10752K, 0% used [0x000000076f580000,0x000000076f580000,0x0000000770000000)
  to   space 10752K, 0% used [0x000000076eb00000,0x000000076eb00000,0x000000076f580000)
 ParOldGen       total 175104K, used 0K [0x00000006c0000000, 0x00000006cab00000, 0x000000076ab00000)
  object space 175104K, 0% used [0x00000006c0000000,0x00000006c0000000,0x00000006cab00000)
 Metaspace       used 6773K, capacity 6968K, committed 7040K, reserved 1056768K
  class space    used 823K, capacity 891K, committed 896K, reserved 1048576K

Card table byte_map: [0x00000001101c0000,0x00000001109c1000] byte_map_base: 0x000000010cbc0000

Marking Bits: (ParMarkBitMap*) 0x000000010eec1d30
 Begin Bits: [0x0000000110f17000, 0x0000000114f17000)
 End Bits:   [0x0000000114f17000, 0x0000000118f17000)

Polling page: 0x000000010f5b6000

CodeCache: size=245760Kb used=2292Kb max_used=2298Kb free=243467Kb
 bounds [0x0000000119719000, 0x0000000119989000, 0x0000000128719000]
 total_blobs=796 nmethods=518 adapters=192
 compilation: enabled

Compilation events (10 events):
Event: 0.546 Thread 0x00007fe531023000  513       4       java.util.HashMap::get (23 bytes)
Event: 0.548 Thread 0x00007fe53106e000  514       1       java.lang.reflect.Constructor::getDeclaringClass (5 bytes)
Event: 0.548 Thread 0x00007fe53106e000 nmethod 514 0x0000000119955090 code [0x00000001199551e0, 0x00000001199552f0]
Event: 0.550 Thread 0x00007fe531023000 nmethod 513 0x0000000119958250 code [0x00000001199583c0, 0x0000000119958678]
Event: 0.552 Thread 0x00007fe53106e000  516       3       java.lang.Class::getReflectionFactory (26 bytes)
Event: 0.553 Thread 0x00007fe53106e000 nmethod 516 0x0000000119957850 code [0x00000001199579e0, 0x0000000119957dc8]
Event: 0.556 Thread 0x00007fe53106e000  517       3       java.lang.Class::checkMemberAccess (49 bytes)
Event: 0.557 Thread 0x00007fe53106e000 nmethod 517 0x0000000119956f90 code [0x0000000119957140, 0x0000000119957698]
Event: 0.560 Thread 0x00007fe53106e000  518       3       java.util.jar.Attributes$Name::hashCode (24 bytes)
Event: 0.561 Thread 0x00007fe53106e000 nmethod 518 0x0000000119956b90 code [0x0000000119956d00, 0x0000000119956ee8]

GC Heap History (0 events):
No events

Deoptimization events (0 events):
No events

Internal exceptions (9 events):
Event: 0.033 Thread 0x00007fe531802800 Exception <a 'java/lang/NoSuchMethodError': Method sun.misc.Unsafe.defineClass(Ljava/lang/String;[BII)Ljava/lang/Class; name or signature does not match> (0x000000076ab07ca8) thrown at [/Users/java_re/workspace/8-2-build-macosx-x86_64/jdk8u121/8372/hotspo
Event: 0.033 Thread 0x00007fe531802800 Exception <a 'java/lang/NoSuchMethodError': Method sun.misc.Unsafe.prefetchRead(Ljava/lang/Object;J)V name or signature does not match> (0x000000076ab07f90) thrown at [/Users/java_re/workspace/8-2-build-macosx-x86_64/jdk8u121/8372/hotspot/src/share/vm/pri
Event: 0.157 Thread 0x00007fe531802800 Exception <a 'java/io/FileNotFoundException'> (0x000000076aef6868) thrown at [/Users/java_re/workspace/8-2-build-macosx-x86_64/jdk8u121/8372/hotspot/src/share/vm/prims/jni.cpp, line 709]
Event: 0.172 Thread 0x00007fe531802800 Exception <a 'java/security/PrivilegedActionException'> (0x000000076af4b7e8) thrown at [/Users/java_re/workspace/8-2-build-macosx-x86_64/jdk8u121/8372/hotspot/src/share/vm/prims/jvm.cpp, line 1390]
Event: 0.172 Thread 0x00007fe531802800 Exception <a 'java/security/PrivilegedActionException'> (0x000000076af4b9f8) thrown at [/Users/java_re/workspace/8-2-build-macosx-x86_64/jdk8u121/8372/hotspot/src/share/vm/prims/jvm.cpp, line 1390]
Event: 0.172 Thread 0x00007fe531802800 Exception <a 'java/security/PrivilegedActionException'> (0x000000076af4ef10) thrown at [/Users/java_re/workspace/8-2-build-macosx-x86_64/jdk8u121/8372/hotspot/src/share/vm/prims/jvm.cpp, line 1390]
Event: 0.172 Thread 0x00007fe531802800 Exception <a 'java/security/PrivilegedActionException'> (0x000000076af4f120) thrown at [/Users/java_re/workspace/8-2-build-macosx-x86_64/jdk8u121/8372/hotspot/src/share/vm/prims/jvm.cpp, line 1390]
Event: 0.428 Thread 0x00007fe531802800 Exception <a 'java/lang/NoSuchFieldError': method resolution failed> (0x000000076b614780) thrown at [/Users/java_re/workspace/8-2-build-macosx-x86_64/jdk8u121/8372/hotspot/src/share/vm/prims/methodHandles.cpp, line 1146]
Event: 0.430 Thread 0x00007fe531802800 Exception <a 'java/lang/NoSuchFieldError': method resolution failed> (0x000000076b621e70) thrown at [/Users/java_re/workspace/8-2-build-macosx-x86_64/jdk8u121/8372/hotspot/src/share/vm/prims/methodHandles.cpp, line 1146]

Events (10 events):
Event: 0.559 loading class java/io/UnsupportedEncodingException
Event: 0.560 loading class java/io/UnsupportedEncodingException done
Event: 0.560 loading class com/mockrunner/base/NestedApplicationException
Event: 0.560 loading class com/mockrunner/base/NestedApplicationException done
Event: 0.561 loading class java/text/ParseException
Event: 0.561 loading class java/text/ParseException done
Event: 0.562 loading class com/mockrunner/mock/web/MockServletInputStream
Event: 0.562 loading class com/mockrunner/mock/web/MockServletInputStream done
Event: 0.562 loading class javax/servlet/ServletInputStream
Event: 0.562 loading class javax/servlet/ServletInputStream done


Dynamic libraries:
0x000000001a9f5000 	/System/Library/Frameworks/Cocoa.framework/Versions/A/Cocoa
0x000000001a9f5000 	/System/Library/Frameworks/Security.framework/Versions/A/Security
0x000000001a9f5000 	/System/Library/Frameworks/ApplicationServices.framework/Versions/A/ApplicationServices
0x000000001a9f5000 	/usr/lib/libz.1.dylib
0x000000001a9f5000 	/usr/lib/libSystem.B.dylib
0x000000001a9f5000 	/usr/lib/libobjc.A.dylib
0x000000001a9f5000 	/System/Library/Frameworks/CoreFoundation.framework/Versions/A/CoreFoundation
0x000000001a9f5000 	/System/Library/Frameworks/Foundation.framework/Versions/C/Foundation
0x000000001a9f5000 	/System/Library/Frameworks/AppKit.framework/Versions/C/AppKit
0x000000001a9f5000 	/System/Library/Frameworks/CoreData.framework/Versions/A/CoreData
0x000000001a9f5000 	/System/Library/PrivateFrameworks/RemoteViewServices.framework/Versions/A/RemoteViewServices
0x000000001a9f5000 	/System/Library/PrivateFrameworks/UIFoundation.framework/Versions/A/UIFoundation
0x000000001a9f5000 	/System/Library/PrivateFrameworks/DFRFoundation.framework/Versions/A/DFRFoundation
0x000000001a9f5000 	/usr/lib/libenergytrace.dylib
0x000000001a9f5000 	/System/Library/PrivateFrameworks/SkyLight.framework/Versions/A/SkyLight
0x000000001a9f5000 	/System/Library/Frameworks/CoreGraphics.framework/Versions/A/CoreGraphics
0x000000001a9f5000 	/usr/lib/libScreenReader.dylib
0x000000001a9f5000 	/System/Library/Frameworks/Accelerate.framework/Versions/A/Accelerate
0x000000001a9f5000 	/System/Library/Frameworks/IOSurface.framework/Versions/A/IOSurface
0x000000001a9f5000 	/System/Library/Frameworks/AudioToolbox.framework/Versions/A/AudioToolbox
0x000000001a9f5000 	/System/Library/Frameworks/AudioUnit.framework/Versions/A/AudioUnit
0x000000001a9f5000 	/System/Library/PrivateFrameworks/DataDetectorsCore.framework/Versions/A/DataDetectorsCore
0x000000001a9f5000 	/System/Library/PrivateFrameworks/DesktopServicesPriv.framework/Versions/A/DesktopServicesPriv
0x000000001a9f5000 	/System/Library/Frameworks/Carbon.framework/Versions/A/Frameworks/HIToolbox.framework/Versions/A/HIToolbox
0x000000001a9f5000 	/usr/lib/libicucore.A.dylib
0x000000001a9f5000 	/System/Library/Frameworks/QuartzCore.framework/Versions/A/QuartzCore
0x000000001a9f5000 	/System/Library/Frameworks/Carbon.framework/Versions/A/Frameworks/SpeechRecognition.framework/Versions/A/SpeechRecognition
0x000000001a9f5000 	/usr/lib/libauto.dylib
0x000000001a9f5000 	/usr/lib/libxml2.2.dylib
0x000000001a9f5000 	/System/Library/PrivateFrameworks/CoreUI.framework/Versions/A/CoreUI
0x000000001a9f5000 	/System/Library/Frameworks/CoreAudio.framework/Versions/A/CoreAudio
0x000000001a9f5000 	/System/Library/Frameworks/DiskArbitration.framework/Versions/A/DiskArbitration
0x000000001a9f5000 	/usr/lib/liblangid.dylib
0x000000001a9f5000 	/System/Library/PrivateFrameworks/MultitouchSupport.framework/Versions/A/MultitouchSupport
0x000000001a9f5000 	/System/Library/Frameworks/IOKit.framework/Versions/A/IOKit
0x000000001a9f5000 	/usr/lib/libDiagnosticMessagesClient.dylib
0x000000001a9f5000 	/System/Library/Frameworks/CoreServices.framework/Versions/A/CoreServices
0x000000001a9f5000 	/System/Library/PrivateFrameworks/PerformanceAnalysis.framework/Versions/A/PerformanceAnalysis
0x000000001a9f5000 	/System/Library/PrivateFrameworks/GenerationalStorage.framework/Versions/A/GenerationalStorage
0x000000001a9f5000 	/System/Library/Frameworks/OpenGL.framework/Versions/A/OpenGL
0x000000001a9f5000 	/System/Library/Frameworks/CoreImage.framework/Versions/A/CoreImage
0x000000001a9f5000 	/System/Library/Frameworks/CoreText.framework/Versions/A/CoreText
0x000000001a9f5000 	/System/Library/Frameworks/ImageIO.framework/Versions/A/ImageIO
0x000000001a9f5000 	/System/Library/PrivateFrameworks/Backup.framework/Versions/A/Backup
0x000000001a9f5000 	/usr/lib/libarchive.2.dylib
0x000000001a9f5000 	/System/Library/Frameworks/CFNetwork.framework/Versions/A/CFNetwork
0x000000001a9f5000 	/System/Library/Frameworks/SystemConfiguration.framework/Versions/A/SystemConfiguration
0x000000001a9f5000 	/usr/lib/libCRFSuite.dylib
0x000000001a9f5000 	/usr/lib/libc++.1.dylib
0x000000001a9f5000 	/usr/lib/libc++abi.dylib
0x000000001a9f5000 	/usr/lib/system/libcache.dylib
0x000000001a9f5000 	/usr/lib/system/libcommonCrypto.dylib
0x000000001a9f5000 	/usr/lib/system/libcompiler_rt.dylib
0x000000001a9f5000 	/usr/lib/system/libcopyfile.dylib
0x000000001a9f5000 	/usr/lib/system/libcorecrypto.dylib
0x000000001a9f5000 	/usr/lib/system/libdispatch.dylib
0x000000001a9f5000 	/usr/lib/system/libdyld.dylib
0x000000001a9f5000 	/usr/lib/system/libkeymgr.dylib
0x000000001a9f5000 	/usr/lib/system/liblaunch.dylib
0x000000001a9f5000 	/usr/lib/system/libmacho.dylib
0x000000001a9f5000 	/usr/lib/system/libquarantine.dylib
0x000000001a9f5000 	/usr/lib/system/libremovefile.dylib
0x000000001a9f5000 	/usr/lib/system/libsystem_asl.dylib
0x000000001a9f5000 	/usr/lib/system/libsystem_blocks.dylib
0x000000001a9f5000 	/usr/lib/system/libsystem_c.dylib
0x000000001a9f5000 	/usr/lib/system/libsystem_configuration.dylib
0x000000001a9f5000 	/usr/lib/system/libsystem_coreservices.dylib
0x000000001a9f5000 	/usr/lib/system/libsystem_coretls.dylib
0x000000001a9f5000 	/usr/lib/system/libsystem_dnssd.dylib
0x000000001a9f5000 	/usr/lib/system/libsystem_info.dylib
0x000000001a9f5000 	/usr/lib/system/libsystem_kernel.dylib
0x000000001a9f5000 	/usr/lib/system/libsystem_m.dylib
0x000000001a9f5000 	/usr/lib/system/libsystem_malloc.dylib
0x000000001a9f5000 	/usr/lib/system/libsystem_network.dylib
0x000000001a9f5000 	/usr/lib/system/libsystem_networkextension.dylib
0x000000001a9f5000 	/usr/lib/system/libsystem_notify.dylib
0x000000001a9f5000 	/usr/lib/system/libsystem_platform.dylib
0x000000001a9f5000 	/usr/lib/system/libsystem_pthread.dylib
0x000000001a9f5000 	/usr/lib/system/libsystem_sandbox.dylib
0x000000001a9f5000 	/usr/lib/system/libsystem_secinit.dylib
0x000000001a9f5000 	/usr/lib/system/libsystem_symptoms.dylib
0x000000001a9f5000 	/usr/lib/system/libsystem_trace.dylib
0x000000001a9f5000 	/usr/lib/system/libunwind.dylib
0x000000001a9f5000 	/usr/lib/system/libxpc.dylib
0x000000001a9f5000 	/usr/lib/libbsm.0.dylib
0x000000001a9f5000 	/usr/lib/system/libkxld.dylib
0x000000001a9f5000 	/usr/lib/libcoretls.dylib
0x000000001a9f5000 	/usr/lib/libcoretls_cfhelpers.dylib
0x000000001a9f5000 	/usr/lib/libOpenScriptingUtil.dylib
0x000000001a9f5000 	/usr/lib/libpam.2.dylib
0x000000001a9f5000 	/usr/lib/libsqlite3.dylib
0x000000001a9f5000 	/usr/lib/libxar.1.dylib
0x000000001a9f5000 	/usr/lib/libbz2.1.0.dylib
0x000000001a9f5000 	/usr/lib/liblzma.5.dylib
0x000000001a9f5000 	/usr/lib/libnetwork.dylib
0x000000001a9f5000 	/usr/lib/libpcap.A.dylib
0x000000001a9f5000 	/System/Library/Frameworks/CoreServices.framework/Versions/A/Frameworks/FSEvents.framework/Versions/A/FSEvents
0x000000001a9f5000 	/System/Library/Frameworks/CoreServices.framework/Versions/A/Frameworks/CarbonCore.framework/Versions/A/CarbonCore
0x000000001a9f5000 	/System/Library/Frameworks/CoreServices.framework/Versions/A/Frameworks/Metadata.framework/Versions/A/Metadata
0x000000001a9f5000 	/System/Library/Frameworks/CoreServices.framework/Versions/A/Frameworks/OSServices.framework/Versions/A/OSServices
0x000000001a9f5000 	/System/Library/Frameworks/CoreServices.framework/Versions/A/Frameworks/SearchKit.framework/Versions/A/SearchKit
0x000000001a9f5000 	/System/Library/Frameworks/CoreServices.framework/Versions/A/Frameworks/AE.framework/Versions/A/AE
0x000000001a9f5000 	/System/Library/Frameworks/CoreServices.framework/Versions/A/Frameworks/LaunchServices.framework/Versions/A/LaunchServices
0x000000001a9f5000 	/System/Library/Frameworks/CoreServices.framework/Versions/A/Frameworks/DictionaryServices.framework/Versions/A/DictionaryServices
0x000000001a9f5000 	/System/Library/Frameworks/CoreServices.framework/Versions/A/Frameworks/SharedFileList.framework/Versions/A/SharedFileList
0x000000001a9f5000 	/System/Library/Frameworks/NetFS.framework/Versions/A/NetFS
0x000000001a9f5000 	/System/Library/PrivateFrameworks/NetAuth.framework/Versions/A/NetAuth
0x000000001a9f5000 	/System/Library/PrivateFrameworks/login.framework/Versions/A/Frameworks/loginsupport.framework/Versions/A/loginsupport
0x000000001a9f5000 	/System/Library/PrivateFrameworks/TCC.framework/Versions/A/TCC
0x000000001a9f5000 	/usr/lib/libmecabra.dylib
0x000000001a9f5000 	/System/Library/Frameworks/ApplicationServices.framework/Versions/A/Frameworks/ATS.framework/Versions/A/ATS
0x000000001a9f5000 	/System/Library/Frameworks/ApplicationServices.framework/Versions/A/Frameworks/ColorSync.framework/Versions/A/ColorSync
0x000000001a9f5000 	/System/Library/Frameworks/ApplicationServices.framework/Versions/A/Frameworks/HIServices.framework/Versions/A/HIServices
0x000000001a9f5000 	/System/Library/Frameworks/ApplicationServices.framework/Versions/A/Frameworks/LangAnalysis.framework/Versions/A/LangAnalysis
0x000000001a9f5000 	/System/Library/Frameworks/ApplicationServices.framework/Versions/A/Frameworks/PrintCore.framework/Versions/A/PrintCore
0x000000001a9f5000 	/System/Library/Frameworks/ApplicationServices.framework/Versions/A/Frameworks/QD.framework/Versions/A/QD
0x000000001a9f5000 	/System/Library/Frameworks/ApplicationServices.framework/Versions/A/Frameworks/SpeechSynthesis.framework/Versions/A/SpeechSynthesis
0x000000001a9f5000 	/System/Library/Frameworks/Accelerate.framework/Versions/A/Frameworks/vImage.framework/Versions/A/vImage
0x000000001a9f5000 	/System/Library/Frameworks/Accelerate.framework/Versions/A/Frameworks/vecLib.framework/Versions/A/vecLib
0x000000001a9f5000 	/System/Library/Frameworks/Accelerate.framework/Versions/A/Frameworks/vecLib.framework/Versions/A/libvDSP.dylib
0x000000001a9f5000 	/System/Library/Frameworks/Accelerate.framework/Versions/A/Frameworks/vecLib.framework/Versions/A/libBNNS.dylib
0x000000001a9f5000 	/System/Library/Frameworks/Accelerate.framework/Versions/A/Frameworks/vecLib.framework/Versions/A/libQuadrature.dylib
0x000000001a9f5000 	/System/Library/Frameworks/Accelerate.framework/Versions/A/Frameworks/vecLib.framework/Versions/A/libvMisc.dylib
0x000000001a9f5000 	/System/Library/Frameworks/Accelerate.framework/Versions/A/Frameworks/vecLib.framework/Versions/A/libLAPACK.dylib
0x000000001a9f5000 	/System/Library/Frameworks/Accelerate.framework/Versions/A/Frameworks/vecLib.framework/Versions/A/libBLAS.dylib
0x000000001a9f5000 	/System/Library/Frameworks/Accelerate.framework/Versions/A/Frameworks/vecLib.framework/Versions/A/libLinearAlgebra.dylib
0x000000001a9f5000 	/System/Library/Frameworks/Accelerate.framework/Versions/A/Frameworks/vecLib.framework/Versions/A/libSparseBLAS.dylib
0x000000001a9f5000 	/System/Library/Frameworks/ApplicationServices.framework/Versions/A/Frameworks/ATS.framework/Versions/A/Resources/libFontParser.dylib
0x000000001a9f5000 	/System/Library/Frameworks/ApplicationServices.framework/Versions/A/Frameworks/ATS.framework/Versions/A/Resources/libFontRegistry.dylib
0x000000001a9f5000 	/System/Library/Frameworks/ImageIO.framework/Versions/A/Resources/libJPEG.dylib
0x000000001a9f5000 	/System/Library/Frameworks/ImageIO.framework/Versions/A/Resources/libTIFF.dylib
0x000000001a9f5000 	/System/Library/Frameworks/ImageIO.framework/Versions/A/Resources/libPng.dylib
0x000000001a9f5000 	/System/Library/Frameworks/ImageIO.framework/Versions/A/Resources/libGIF.dylib
0x000000001a9f5000 	/System/Library/Frameworks/ImageIO.framework/Versions/A/Resources/libJP2.dylib
0x000000001a9f5000 	/System/Library/Frameworks/ImageIO.framework/Versions/A/Resources/libRadiance.dylib
0x000000001a9f5000 	/usr/lib/libcompression.dylib
0x000000001a9f5000 	/System/Library/PrivateFrameworks/AppleJPEG.framework/Versions/A/AppleJPEG
0x000000001a9f5000 	/usr/lib/libcups.2.dylib
0x000000001a9f5000 	/System/Library/Frameworks/Kerberos.framework/Versions/A/Kerberos
0x000000001a9f5000 	/System/Library/Frameworks/GSS.framework/Versions/A/GSS
0x000000001a9f5000 	/usr/lib/libresolv.9.dylib
0x000000001a9f5000 	/usr/lib/libiconv.2.dylib
0x000000001a9f5000 	/System/Library/PrivateFrameworks/Heimdal.framework/Versions/A/Heimdal
0x000000001a9f5000 	/usr/lib/libheimdal-asn1.dylib
0x000000001a9f5000 	/System/Library/Frameworks/OpenDirectory.framework/Versions/A/OpenDirectory
0x000000001a9f5000 	/System/Library/PrivateFrameworks/CommonAuth.framework/Versions/A/CommonAuth
0x000000001a9f5000 	/System/Library/Frameworks/OpenDirectory.framework/Versions/A/Frameworks/CFOpenDirectory.framework/Versions/A/CFOpenDirectory
0x000000001a9f5000 	/System/Library/Frameworks/SecurityFoundation.framework/Versions/A/SecurityFoundation
0x000000001a9f5000 	/System/Library/PrivateFrameworks/LanguageModeling.framework/Versions/A/LanguageModeling
0x000000001a9f5000 	/usr/lib/libmarisa.dylib
0x000000001a9f5000 	/usr/lib/libChineseTokenizer.dylib
0x000000001a9f5000 	/usr/lib/libcmph.dylib
0x000000001a9f5000 	/System/Library/PrivateFrameworks/CoreEmoji.framework/Versions/A/CoreEmoji
0x000000001a9f5000 	/System/Library/Frameworks/ServiceManagement.framework/Versions/A/ServiceManagement
0x000000001a9f5000 	/usr/lib/libxslt.1.dylib
0x000000001a9f5000 	/System/Library/Frameworks/Carbon.framework/Versions/A/Frameworks/Ink.framework/Versions/A/Ink
0x000000001a9f5000 	/System/Library/PrivateFrameworks/TextureIO.framework/Versions/A/TextureIO
0x000000001a9f5000 	/System/Library/Frameworks/Metal.framework/Versions/A/Metal
0x000000001a9f5000 	/usr/lib/libate.dylib
0x000000001a9f5000 	/System/Library/PrivateFrameworks/GPUCompiler.framework/libmetal_timestamp.dylib
0x000000001a9f5000 	/System/Library/Frameworks/OpenGL.framework/Versions/A/Libraries/libCoreFSCache.dylib
0x000000001a9f5000 	/System/Library/PrivateFrameworks/IOAccelerator.framework/Versions/A/IOAccelerator
0x000000001a9f5000 	/System/Library/Frameworks/CoreVideo.framework/Versions/A/CoreVideo
0x000000001a9f5000 	/usr/lib/libFosl_dynamic.dylib
0x000000001a9f5000 	/System/Library/PrivateFrameworks/MetalPerformanceShaders.framework/Versions/A/MetalPerformanceShaders
0x000000001a9f5000 	/System/Library/PrivateFrameworks/FaceCore.framework/Versions/A/FaceCore
0x000000001a9f5000 	/System/Library/Frameworks/OpenCL.framework/Versions/A/OpenCL
0x000000001a9f5000 	/System/Library/Frameworks/OpenGL.framework/Versions/A/Libraries/libGLU.dylib
0x000000001a9f5000 	/System/Library/Frameworks/OpenGL.framework/Versions/A/Libraries/libGFXShared.dylib
0x000000001a9f5000 	/System/Library/Frameworks/OpenGL.framework/Versions/A/Libraries/libGL.dylib
0x000000001a9f5000 	/System/Library/Frameworks/OpenGL.framework/Versions/A/Libraries/libGLImage.dylib
0x000000001a9f5000 	/System/Library/Frameworks/OpenGL.framework/Versions/A/Libraries/libCVMSPluginSupport.dylib
0x000000001a9f5000 	/System/Library/Frameworks/OpenGL.framework/Versions/A/Libraries/libCoreVMClient.dylib
0x000000001a9f5000 	/System/Library/PrivateFrameworks/CrashReporterSupport.framework/Versions/A/CrashReporterSupport
0x000000001a9f5000 	/System/Library/PrivateFrameworks/Sharing.framework/Versions/A/Sharing
0x000000001a9f5000 	/System/Library/PrivateFrameworks/IconServices.framework/Versions/A/IconServices
0x000000001a9f5000 	/System/Library/PrivateFrameworks/ProtocolBuffer.framework/Versions/A/ProtocolBuffer
0x000000001a9f5000 	/System/Library/PrivateFrameworks/Apple80211.framework/Versions/A/Apple80211
0x000000001a9f5000 	/System/Library/Frameworks/CoreWLAN.framework/Versions/A/CoreWLAN
0x000000001a9f5000 	/System/Library/PrivateFrameworks/CoreUtils.framework/Versions/A/CoreUtils
0x000000001a9f5000 	/System/Library/Frameworks/IOBluetooth.framework/Versions/A/IOBluetooth
0x000000001a9f5000 	/System/Library/PrivateFrameworks/CoreWiFi.framework/Versions/A/CoreWiFi
0x000000001a9f5000 	/System/Library/Frameworks/CoreBluetooth.framework/Versions/A/CoreBluetooth
0x000000001a9f5000 	/System/Library/Frameworks/CoreDisplay.framework/Versions/A/CoreDisplay
0x000000001a9f5000 	/System/Library/PrivateFrameworks/IOPresentment.framework/Versions/A/IOPresentment
0x000000001a9f5000 	/System/Library/PrivateFrameworks/DSExternalDisplay.framework/Versions/A/DSExternalDisplay
0x000000001a9f5000 	/System/Library/PrivateFrameworks/DebugSymbols.framework/Versions/A/DebugSymbols
0x000000001a9f5000 	/System/Library/PrivateFrameworks/CoreSymbolication.framework/Versions/A/CoreSymbolication
0x000000001a9f5000 	/System/Library/PrivateFrameworks/Symbolication.framework/Versions/A/Symbolication
0x000000001a9f5000 	/System/Library/PrivateFrameworks/AppleFSCompression.framework/Versions/A/AppleFSCompression
0x000000001a9f5000 	/System/Library/PrivateFrameworks/SpeechRecognitionCore.framework/Versions/A/SpeechRecognitionCore
0x000000001a9f5000 	/System/Library/PrivateFrameworks/ChunkingLibrary.framework/Versions/A/ChunkingLibrary
0x000000005429b000 	/System/Library/CoreServices/Encodings/libCyrillicConverter.dylib
0x000000010e5d1000 	/Library/Java/JavaVirtualMachines/jdk1.8.0_121.jdk/Contents/Home/jre/lib/server/libjvm.dylib
0x000000001a9f5000 	/usr/lib/libstdc++.6.dylib
0x000000010f573000 	/Library/Java/JavaVirtualMachines/jdk1.8.0_121.jdk/Contents/Home/jre/lib/libverify.dylib
0x000000010f581000 	/Library/Java/JavaVirtualMachines/jdk1.8.0_121.jdk/Contents/Home/jre/lib/libjava.dylib
0x000000010f5c0000 	/Library/Java/JavaVirtualMachines/jdk1.8.0_121.jdk/Contents/Home/jre/lib/libzip.dylib
0x000000012a299000 	/System/Library/Frameworks/JavaVM.framework/Frameworks/JavaRuntimeSupport.framework/JavaRuntimeSupport
0x000000012a2b3000 	/System/Library/Frameworks/JavaVM.framework/Versions/A/Frameworks/JavaNativeFoundation.framework/Versions/A/JavaNativeFoundation
0x000000010f5f2000 	/System/Library/Frameworks/JavaVM.framework/Versions/A/JavaVM
0x000000001a9f5000 	/System/Library/Frameworks/Carbon.framework/Versions/A/Carbon
0x000000012a2c8000 	/System/Library/PrivateFrameworks/JavaLaunching.framework/Versions/A/JavaLaunching
0x000000001a9f5000 	/System/Library/Frameworks/Carbon.framework/Versions/A/Frameworks/CommonPanels.framework/Versions/A/CommonPanels
0x000000001a9f5000 	/System/Library/Frameworks/Carbon.framework/Versions/A/Frameworks/Help.framework/Versions/A/Help
0x000000001a9f5000 	/System/Library/Frameworks/Carbon.framework/Versions/A/Frameworks/ImageCapture.framework/Versions/A/ImageCapture
0x000000001a9f5000 	/System/Library/Frameworks/Carbon.framework/Versions/A/Frameworks/OpenScripting.framework/Versions/A/OpenScripting
0x000000001a9f5000 	/System/Library/Frameworks/Carbon.framework/Versions/A/Frameworks/Print.framework/Versions/A/Print
0x000000001a9f5000 	/System/Library/Frameworks/Carbon.framework/Versions/A/Frameworks/SecurityHI.framework/Versions/A/SecurityHI
0x000000012bbd9000 	/Applications/IntelliJ IDEA CE.app/Contents/bin/libbreakgen64.jnilib
0x000000012bbde000 	/Library/Java/JavaVirtualMachines/jdk1.8.0_121.jdk/Contents/Home/jre/lib/libnet.dylib

VM Arguments:
jvm_args: -ea -Didea.launcher.port=7537 -Didea.launcher.bin.path=/Applications/IntelliJ IDEA CE.app/Contents/bin -Dfile.encoding=UTF-8 
java_command: com.intellij.rt.execution.application.AppMain com.intellij.rt.execution.junit.JUnitStarter -ideVersion5 org.apache.cayenne.web.CayenneFilterTest,testDoFilter
java_class_path (initial): /Applications/IntelliJ IDEA CE.app/Contents/lib/idea_rt.jar:/Applications/IntelliJ IDEA CE.app/Contents/plugins/junit/lib/junit-rt.jar:/Library/Java/JavaVirtualMachines/jdk1.8.0_121.jdk/Contents/Home/jre/lib/charsets.jar:/Library/Java/JavaVirtualMachines/jdk1.8.0_121.jdk/Contents/Home/jre/lib/deploy.jar:/Library/Java/JavaVirtualMachines/jdk1.8.0_121.jdk/Contents/Home/jre/lib/ext/cldrdata.jar:/Library/Java/JavaVirtualMachines/jdk1.8.0_121.jdk/Contents/Home/jre/lib/ext/dnsns.jar:/Library/Java/JavaVirtualMachines/jdk1.8.0_121.jdk/Contents/Home/jre/lib/ext/jaccess.jar:/Library/Java/JavaVirtualMachines/jdk1.8.0_121.jdk/Contents/Home/jre/lib/ext/jfxrt.jar:/Library/Java/JavaVirtualMachines/jdk1.8.0_121.jdk/Contents/Home/jre/lib/ext/localedata.jar:/Library/Java/JavaVirtualMachines/jdk1.8.0_121.jdk/Contents/Home/jre/lib/ext/nashorn.jar:/Library/Java/JavaVirtualMachines/jdk1.8.0_121.jdk/Contents/Home/jre/lib/ext/sunec.jar:/Library/Java/JavaVirtualMachines/jdk1.8.0_121.jdk/Contents/Home/jre/lib/ext/sunjce_provider.jar:/Library/Java/JavaVirtualMachines/jdk1.8.0_121.jdk/Contents/Home/jre/lib/ext/sunpkcs11.jar:/Library/Java/JavaVirtualMachines/jdk1.8.0_121.jdk/Contents/Home/jre/lib/ext/zipfs.jar:/Library/Java/JavaVirtualMachines/jdk1.8.0_121.jdk/Contents/Home/jre/lib/javaws.jar:/Library/Java/JavaVirtualMachines/jdk1.8.0_121.jdk/Contents/Home/jre/lib/jce.jar:/Library/Java/JavaVirtualMachines/jdk1.8.0_121.jdk/Contents/Home/jre/lib/jfr.jar:/Library/Java/JavaVirtualMachines/jdk1.8.0_121.jdk/Contents/Home/jre/lib/jfxswt.jar:/Library/Java/JavaVirtualMachines/jdk1.8.0_121.jdk/Contents/Home/jre/lib/jsse.jar:/Library/Java/JavaVirtualMachines/jdk1.8.0_121.jdk/Contents/Home/jre/lib/management-agent.jar:/Library/Java/JavaVirtualMachines/jdk1.8.0_121.jdk/Contents/Home/jre/lib/plugin.jar:/Library/Java/JavaVirtualMachines/jdk1.8.0_121.jdk/Contents/Home/jre/lib/resources.jar:/Library/Java/JavaVirtualMachines/jdk1.8.0_121.jdk/Contents/Home/jre/lib/rt.jar:/Library/Java
Launcher Type: SUN_STANDARD

Environment Variables:
PATH=/usr/local/bin:/usr/bin:/bin:/usr/sbin:/sbin:/usr/local/apache-maven-3.5.0/bin
SHELL=/bin/bash

Signal Handlers:
SIGSEGV: [libjvm.dylib+0x5b1141], sa_mask[0]=11111111011111110111111111111111, sa_flags=SA_ONSTACK|SA_RESTART|SA_SIGINFO
SIGBUS: [libjvm.dylib+0x5b1141], sa_mask[0]=11111111011111110111111111111111, sa_flags=SA_RESTART|SA_SIGINFO
SIGFPE: [libjvm.dylib+0x487bc4], sa_mask[0]=11111111011111110111111111111111, sa_flags=SA_RESTART|SA_SIGINFO
SIGPIPE: [libjvm.dylib+0x487bc4], sa_mask[0]=11111111011111110111111111111111, sa_flags=SA_RESTART|SA_SIGINFO
SIGXFSZ: [libjvm.dylib+0x487bc4], sa_mask[0]=11111111011111110111111111111111, sa_flags=SA_RESTART|SA_SIGINFO
SIGILL: [libjvm.dylib+0x487bc4], sa_mask[0]=11111111011111110111111111111111, sa_flags=SA_RESTART|SA_SIGINFO
SIGUSR1: SIG_DFL, sa_mask[0]=00000000000000000000000000000000, sa_flags=none
SIGUSR2: [libjvm.dylib+0x4876e2], sa_mask[0]=00100000000000000000000000000000, sa_flags=SA_RESTART|SA_SIGINFO
SIGHUP: [libjvm.dylib+0x485cb9], sa_mask[0]=11111111011111110111111111111111, sa_flags=SA_RESTART|SA_SIGINFO
SIGINT: [libjvm.dylib+0x485cb9], sa_mask[0]=11111111011111110111111111111111, sa_flags=SA_RESTART|SA_SIGINFO
SIGTERM: [libjvm.dylib+0x485cb9], sa_mask[0]=11111111011111110111111111111111, sa_flags=SA_RESTART|SA_SIGINFO
SIGQUIT: [libjvm.dylib+0x485cb9], sa_mask[0]=11111111011111110111111111111111, sa_flags=SA_RESTART|SA_SIGINFO


---------------  S Y S T E M  ---------------

OS:Bsduname:Darwin 16.6.0 Darwin Kernel Version 16.6.0: Fri Apr 14 16:21:16 PDT 2017; root:xnu-3789.60.24~6/RELEASE_X86_64 x86_64
rlimit: STACK 8192k, CORE 0k, NPROC 709, NOFILE 10240, AS infinity
load average:1.52 1.73 1.90

CPU:total 4 (4 cores per cpu, 1 threads per core) family 6 model 42 stepping 7, cmov, cx8, fxsr, mmx, sse, sse2, sse3, ssse3, sse4.1, sse4.2, popcnt, avx, aes, clmul, tsc, tscinvbit

Memory: 4k page, physical 16777216k(2822508k free)

/proc/meminfo:


vm_info: Java HotSpot(TM) 64-Bit Server VM (25.121-b13) for bsd-amd64 JRE (1.8.0_121-b13), built on Dec 12 2016 20:39:32 by "java_re" with gcc 4.2.1 (Based on Apple Inc. build 5658) (LLVM build 2336.11.00)

time: Wed Nov  1 13:22:40 2017
elapsed time: 0 seconds (0d 0h 0m 0s)

